<?xml version="1.0" encoding="UTF-8"?>
<testsuite xmlns:xsi="http://www.w3.org/2001/XMLSchema-instance" xsi:noNamespaceSchemaLocation="https://maven.apache.org/surefire/maven-surefire-plugin/xsd/surefire-test-report-3.0.xsd" version="3.0" name="TestSuite" time="206.102" tests="1" errors="0" skipped="0" failures="1">
  <properties>
[...]
</properties>
  <testcase name="executeTestcase[org.testng.TestRunner@70dd7e15](1)" classname="driver.Driver" time="203.308">
    <failure type="java.lang.reflect.InvocationTargetException"><![CDATA[java.lang.reflect.InvocationTargetException
	at driver.Driver.executeTestcase(Driver.java:104)
Caused by: org.openqa.selenium.NoSuchElementException: 
no such element: Unable to locate element: {"method":"xpath","selector":"//body/div[@id='main']/div[@id='patientReviewMainWrapper']/div[@id='mainSection']/div[@id='dijit_layout_ContentPane_0']/div[@id='measureSetTree']/div[@id='MeasureSetTree']/div[@id='tmpdir__CheckBoxTreeNode_0']/div[2]/div[1]/div[1]/img[1]"}
  (Session info: chrome=92.0.4515.131)
For documentation on this error, please visit: https://www.seleniumhq.org/exceptions/no_such_element.html
Build info: version: '4.0.0-alpha-1', revision: 'd1d3728cae', time: '2019-04-24T13:42:21'
System info: host: 'Z3P3PUGAVS0034', ip: '10.99.37.212', os.name: 'Windows 10', os.arch: 'amd64', os.version: '10.0', java.version: '15.0.2'
Driver info: org.openqa.selenium.chrome.ChromeDriver
Capabilities {acceptInsecureCerts: false, browserName: chrome, browserVersion: 92.0.4515.131, chrome: {chromedriverVersion: 91.0.4472.19 (1bf021f248676..., userDataDir: E:\sminu\AppData\Local\Temp...}, goog:chromeOptions: {debuggerAddress: localhost:51077}, javascriptEnabled: true, networkConnectionEnabled: false, pageLoadStrategy: normal, platform: WINDOWS, platformName: WINDOWS, proxy: Proxy(), setWindowRect: true, strictFileInteractability: false, timeouts: {implicit: 0, pageLoad: 300000, script: 30000}, unhandledPromptBehavior: dismiss and notify, webauthn:extension:largeBlob: true, webauthn:virtualAuthenticators: true}
Session ID: 10e31992fc7f898a54e819b5657ba118
*** Element info: {Using=xpath, value=//body/div[@id='main']/div[@id='patientReviewMainWrapper']/div[@id='mainSection']/div[@id='dijit_layout_ContentPane_0']/div[@id='measureSetTree']/div[@id='MeasureSetTree']/div[@id='tmpdir__CheckBoxTreeNode_0']/div[2]/div[1]/div[1]/img[1]}
	at driver.Driver.executeTestcase(Driver.java:104)
]]></failure>
    <system-out><![CDATA[Test results report directory already exists: E:\sminu\git\WDC\QMRProject\TestReport
2
]]></system-out>
    <system-err><![CDATA[Starting ChromeDriver 91.0.4472.19 (1bf021f248676a0b2ab3ee0561d83a59e424c23e-refs/branch-heads/4472@{#288}) on port 27975
Only local connections are allowed.
Please see https://chromedriver.chromium.org/security-considerations for suggestions on keeping ChromeDriver safe.
ChromeDriver was started successfully.
[1628150299.852][WARNING]: This version of ChromeDriver has not been tested with Chrome version 92.
Aug 05, 2021 1:28:20 PM org.openqa.selenium.remote.ProtocolHandshake createSession
INFO: Detected dialect: W3C
]]></system-err>
  </testcase>
</testsuite>